Apr 11, 2016 11:04:12 AM oracle.mds
NOTIFICATION: PManager instance is created without multitenancy support as JVM flag "oracle.multitenant.enabled" is not set to enable multitenancy support.
Apr 11, 2016 11:04:13 AM oracle.security.jps.internal.config.xml.XmlConfigurationFactory initDefaultConfiguration
SEVERE: java.io.FileNotFoundException: .\config\jps-config.xml (The system cannot find the path specified)
Apr 11, 2016 11:04:13 AM oracle.mds
NOTIFICATION: Auditing is disabled for component MDS.
Apr 11, 2016 11:04:13 AM oracle.fabric.common.wsdl.SchemaManager isIncrementalBuildSupported
INFO: XMLSchema incremental build enabled.
Apr 11, 2016 11:04:14 AM com.collaxa.cube.CubeLogger info
INFO: validating "Fulfillment.bpel" ...
Apr 11, 2016 11:04:14 AM oracle.integration.platform.blocks.FabricConfigManager <clinit>
WARNING: JRF is unable to determine the current application server platform.
Apr 11, 2016 11:04:14 AM oracle.integration.platform.blocks.WLSPlatformConfigurationProvider <clinit>
WARNING: JRF is unable to determine the current application server platform.
Apr 11, 2016 11:04:15 AM com.collaxa.cube.CubeLogger info
INFO: Composed "Fulfillment" in 87.7 milliseconds [nodes 56=2+54, 638.3 nodes/sec]
Apr 11, 2016 11:04:16 AM com.collaxa.cube.CubeLogger info
INFO: Compiled "Fulfillment" in 1.041 seconds
Apr 11, 2016 11:04:16 AM com.collaxa.cube.CubeLogger info
INFO: Gathered 6 files in 0.6 milliseconds

Apr 11, 2016 11:04:16 AM com.collaxa.cube.CubeLogger info
INFO: Packaged "Fulfillment" in 12.6 milliseconds

Apr 11, 2016 11:04:17 AM com.collaxa.cube.CubeLogger info
INFO: validating "ApproveCCOrder.bpel" ...
Apr 11, 2016 11:04:17 AM com.collaxa.cube.CubeLogger info
INFO: Composed "ApproveCCOrder" in 54.3 milliseconds [nodes 27=2+25, 496.8 nodes/sec]
Apr 11, 2016 11:04:17 AM com.collaxa.cube.CubeLogger info
INFO: Compiled "ApproveCCOrder" in 447.7 milliseconds
Apr 11, 2016 11:04:17 AM com.collaxa.cube.CubeLogger info
INFO: Gathered 6 files in 0.5 milliseconds

Apr 11, 2016 11:04:17 AM com.collaxa.cube.CubeLogger info
INFO: Packaged "ApproveCCOrder" in 8.1 milliseconds

